
[r.a.MongoDriver WARN] No mongo-async-driver configuration found
[r.c.a.MongoDBSystem WARN] MongoDBSystem Actor[akka://reactivemongo/user/Connection-5#-732834911] stopped.
[INFO] [01/30/2016 04:49:51.626] [reactivemongo-akka.actor.default-dispatcher-4] [akka://reactivemongo/user/Monitor-6] Message [reactivemongo.core.actors.Close$] from Actor[akka://reactivemongo/deadLetters] to Actor[akka://reactivemongo/user/Monitor-6#797650868] was not delivered. [1] dead letters encountered. This logging can be turned off or adjusted with configuration settings 'akka.log-dead-letters' and 'akka.log-dead-letters-during-shutdown'.
[INFO] [01/30/2016 04:49:51.706] [reactivemongo-akka.actor.default-dispatcher-4] [akka://reactivemongo/deadLetters] Message [reactivemongo.core.actors.Closed$] from Actor[akka://reactivemongo/user/Monitor-3#-1091649747] to Actor[akka://reactivemongo/deadLetters] was not delivered. [1] dead letters encountered. This logging can be turned off or adjusted with configuration settings 'akka.log-dead-letters' and 'akka.log-dead-letters-during-shutdown'.
[r.c.a.MongoDBSystem WARN] MongoDBSystem Actor[akka://reactivemongo/user/Connection-2#-1114288185] stopped.
[boot] Preloading modules
[boot] Preloading complete
[r.a.MongoDriver WARN] No mongo-async-driver configuration found
[a.a.OneForOneStrategy ERROR] Futures timed out after [1 second]
java.util.concurrent.TimeoutException: Futures timed out after [1 second]
	at scala.concurrent.impl.Promise$DefaultPromise.ready(Promise.scala:219) ~[org.scala-lang.scala-library-2.11.7.jar:na]
	at scala.concurrent.impl.Promise$DefaultPromise.result(Promise.scala:223) ~[org.scala-lang.scala-library-2.11.7.jar:na]
	at scala.concurrent.Await$$anonfun$result$1.apply(package.scala:190) ~[org.scala-lang.scala-library-2.11.7.jar:na]
	at akka.dispatch.MonitorableThreadFactory$AkkaForkJoinWorkerThread$$anon$3.block(ThreadPoolBuilder.scala:169) ~[com.typesafe.akka.akka-actor_2.11-2.4.1.jar:na]
	at scala.concurrent.forkjoin.ForkJoinPool.managedBlock(ForkJoinPool.java:3640) [org.scala-lang.scala-library-2.11.7.jar:na]
java.nio.channels.ClosedChannelException
	at org.jboss.netty.channel.socket.nio.AbstractNioWorker.cleanUpWriteBuffer(AbstractNioWorker.java:433)
	at org.jboss.netty.channel.socket.nio.AbstractNioWorker.writeFromUserCode(AbstractNioWorker.java:128)
	at org.jboss.netty.channel.socket.nio.NioServerSocketPipelineSink.handleAcceptedSocket(NioServerSocketPipelineSink.java:99)
	at org.jboss.netty.channel.socket.nio.NioServerSocketPipelineSink.eventSunk(NioServerSocketPipelineSink.java:36)
	at org.jboss.netty.channel.DefaultChannelPipeline$DefaultChannelHandlerContext.sendDownstream(DefaultChannelPipeline.java:779)
	at org.jboss.netty.channel.Channels.write(Channels.java:725)
	at org.jboss.netty.handler.codec.oneone.OneToOneEncoder.doEncode(OneToOneEncoder.java:71)
	at org.jboss.netty.handler.codec.oneone.OneToOneEncoder.handleDownstream(OneToOneEncoder.java:59)
	at org.jboss.netty.channel.DefaultChannelPipeline.sendDownstream(DefaultChannelPipeline.java:591)
	at org.jboss.netty.channel.DefaultChannelPipeline$DefaultChannelHandlerContext.sendDownstream(DefaultChannelPipeline.java:784)
	at org.jboss.netty.handler.codec.oneone.OneToOneEncoder.handleDownstream(OneToOneEncoder.java:60)
	at org.jboss.netty.channel.DefaultChannelPipeline.sendDownstream(DefaultChannelPipeline.java:591)
	at org.jboss.netty.channel.DefaultChannelPipeline$DefaultChannelHandlerContext.sendDownstream(DefaultChannelPipeline.java:784)
	at org.jboss.netty.channel.SimpleChannelHandler.writeRequested(SimpleChannelHandler.java:292)
	at org.jboss.netty.channel.SimpleChannelHandler.handleDownstream(SimpleChannelHandler.java:254)
	at com.typesafe.netty.http.pipelining.HttpPipeliningHandler.handleDownstream(HttpPipeliningHandler.java:106)
	at org.jboss.netty.channel.DefaultChannelPipeline.sendDownstream(DefaultChannelPipeline.java:591)
	at org.jboss.netty.channel.DefaultChannelPipeline.sendDownstream(DefaultChannelPipeline.java:582)
	at org.jboss.netty.channel.Channels.write(Channels.java:704)
	at org.jboss.netty.channel.Channels.write(Channels.java:671)
	at org.jboss.netty.channel.AbstractChannel.write(AbstractChannel.java:348)
	at org.jboss.netty.handler.codec.http.websocketx.WebSocketServerHandshaker.writeHandshakeResponse(WebSocketServerHandshaker.java:171)
	at org.jboss.netty.handler.codec.http.websocketx.WebSocketServerHandshaker13.handshake(WebSocketServerHandshaker13.java:167)
	at play.core.server.websocket.WebSocketHandshake$.shake(WebSocketHandshake.scala:51)
	at play.core.server.netty.WebSocketHandler$class.websocketHandshake(WebSocketHandler.scala:242)
	at play.core.server.netty.PlayDefaultUpstreamHandler.websocketHandshake(PlayDefaultUpstreamHandler.scala:32)
	at play.core.server.netty.PlayDefaultUpstreamHandler$$anonfun$messageReceived$5.apply(PlayDefaultUpstreamHandler.scala:171)
	at play.core.server.netty.PlayDefaultUpstreamHandler$$anonfun$messageReceived$5.apply(PlayDefaultUpstreamHandler.scala:163)
	at scala.util.Success$$anonfun$map$1.apply(Try.scala:237)
	at scala.util.Try$.apply(Try.scala:192)
	at scala.util.Success.map(Try.scala:237)
	at scala.concurrent.Future$$anonfun$map$1.apply(Future.scala:235)
	at scala.concurrent.Future$$anonfun$map$1.apply(Future.scala:235)
	at scala.concurrent.impl.CallbackRunnable.run(Promise.scala:32)
	at play.api.libs.iteratee.Execution$trampoline$.execute(Execution.scala:70)
	at scala.concurrent.impl.CallbackRunnable.executeWithValue(Promise.scala:40)
	at scala.concurrent.impl.Promise$DefaultPromise.tryComplete(Promise.scala:248)
	at scala.concurrent.Promise$class.complete(Promise.scala:55)
	at scala.concurrent.impl.Promise$DefaultPromise.complete(Promise.scala:153)
	at scala.concurrent.Future$$anonfun$map$1.apply(Future.scala:235)
	at scala.concurrent.Future$$anonfun$map$1.apply(Future.scala:235)
	at scala.concurrent.impl.CallbackRunnable.run(Promise.scala:32)
	at akka.dispatch.BatchingExecutor$AbstractBatch.processBatch(BatchingExecutor.scala:55)
	at akka.dispatch.BatchingExecutor$BlockableBatch$$anonfun$run$1.apply$mcV$sp(BatchingExecutor.scala:91)
	at akka.dispatch.BatchingExecutor$BlockableBatch$$anonfun$run$1.apply(BatchingExecutor.scala:91)
	at akka.dispatch.BatchingExecutor$BlockableBatch$$anonfun$run$1.apply(BatchingExecutor.scala:91)
	at scala.concurrent.BlockContext$.withBlockContext(BlockContext.scala:72)
	at akka.dispatch.BatchingExecutor$BlockableBatch.run(BatchingExecutor.scala:90)
	at akka.dispatch.TaskInvocation.run(AbstractDispatcher.scala:39)
	at akka.dispatch.ForkJoinExecutorConfigurator$AkkaForkJoinTask.exec(AbstractDispatcher.scala:399)
	at scala.concurrent.forkjoin.ForkJoinTask.doExec(ForkJoinTask.java:260)
	at scala.concurrent.forkjoin.ForkJoinPool$WorkQueue.runTask(ForkJoinPool.java:1339)
	at scala.concurrent.forkjoin.ForkJoinPool.runWorker(ForkJoinPool.java:1979)
	at scala.concurrent.forkjoin.ForkJoinWorkerThread.run(ForkJoinWorkerThread.java:107)
